2025-04-30 19:02:06,841 [INFO] 日志系统初始化完成，日志文件：logs/prompt_loader_20250430_190206.log
2025-04-30 19:02:06,841 [INFO] 开始处理目录: prompt
2025-04-30 19:02:06,842 [INFO] 
文件: prompt/test/vars
2025-04-30 19:02:06,842 [INFO] 键: test.vars.var1
2025-04-30 19:02:06,842 [INFO] 值: 这是一个测试变量
2025-04-30 19:02:06,842 [INFO] ----------------------------------------
2025-04-30 19:02:06,842 [INFO] 键: test.vars.var2
2025-04-30 19:02:06,842 [INFO] 值: 引用了var1的值: {{test.vars.var1}}
2025-04-30 19:02:06,842 [INFO] ----------------------------------------
2025-04-30 19:02:06,842 [INFO] 键: test.vars.var3
2025-04-30 19:02:06,842 [INFO] 值: 引用了不存在的变量: {{nonexist}}
2025-04-30 19:02:06,842 [INFO] ----------------------------------------
2025-04-30 19:02:06,842 [INFO] 键: test.vars.new_var
2025-04-30 19:02:06,842 [INFO] 值: 这是一个新添加的变量
2025-04-30 19:02:06,842 [INFO] ----------------------------------------
2025-04-30 19:02:06,842 [INFO] 键: test.vars.new_var2
2025-04-30 19:02:06,842 [INFO] 值: 这是通过包装器添加的新变量
2025-04-30 19:02:06,842 [INFO] ----------------------------------------
2025-04-30 19:02:06,842 [INFO] 键: test.vars.new_var3
2025-04-30 19:02:06,842 [INFO] 值: 这是通过测试用例添加的新变量
2025-04-30 19:02:06,842 [INFO] ----------------------------------------
2025-04-30 19:02:06,842 [INFO] 
文件: prompt/test/bb
2025-04-30 19:02:06,842 [INFO] 键: test.bb.aa
2025-04-30 19:02:06,842 [INFO] 值: ddd
ccc
test{{test.bb.aa}}block
2025-04-30 19:02:06,842 [INFO] ----------------------------------------
2025-04-30 19:02:06,842 [INFO] 
文件: prompt/test/circular
2025-04-30 19:02:06,842 [INFO] 键: test.circular.self_ref
2025-04-30 19:02:06,842 [INFO] 值: 这是一个循环引用测试: {{test.circular.self_ref}}
2025-04-30 19:02:06,842 [INFO] ----------------------------------------
2025-04-30 19:02:06,842 [INFO] 键: test.circular.mutual_ref1
2025-04-30 19:02:06,842 [INFO] 值: 引用了mutual_ref2: {{test.circular.mutual_ref2}}
2025-04-30 19:02:06,842 [INFO] ----------------------------------------
2025-04-30 19:02:06,842 [INFO] 键: test.circular.mutual_ref2
2025-04-30 19:02:06,842 [INFO] 值: 引用了mutual_ref1: {{test.circular.mutual_ref1}}
2025-04-30 19:02:06,842 [INFO] ----------------------------------------
2025-04-30 19:02:06,842 [ERROR] 错误: 文件路径 prompt/test/vars.txt 中不能包含.字符
2025-04-30 19:02:06,842 [ERROR] 错误: 文件路径 prompt/first/cc.aa 中不能包含.字符
2025-04-30 19:02:06,842 [INFO] 
文件: prompt/first/tt
2025-04-30 19:02:06,843 [INFO] 键: first.tt.first
2025-04-30 19:02:06,843 [INFO] 值: afeasdfasdfas
2025-04-30 19:02:06,843 [INFO] ----------------------------------------
2025-04-30 19:02:06,843 [WARNING] 
警告: 以下变量未找到对应的值:
2025-04-30 19:02:06,843 [WARNING] - nonexist
2025-04-30 19:02:06,843 [WARNING] 
警告: 检测到循环引用:
2025-04-30 19:02:06,843 [WARNING] - 循环引用链: test.bb.aa -> test.bb.aa
2025-04-30 19:02:06,843 [WARNING] - 循环引用链: test.circular.mutual_ref1 -> test.circular.mutual_ref2 -> test.circular.mutual_ref1
2025-04-30 19:02:06,843 [WARNING] - 循环引用链: test.circular.mutual_ref2 -> test.circular.mutual_ref1 -> test.circular.mutual_ref2
2025-04-30 19:02:06,843 [WARNING] - 循环引用链: test.circular.self_ref -> test.circular.self_ref
